<?xml version="1.0" encoding="UTF-8"?>
<!-- Generated by org.testng.reporters.JUnitXMLReporter -->
<testsuite ignored="0" hostname="EGY-Mhamed" failures="0" tests="2" name="Regression Test" time="0.013" errors="0" timestamp="01 Mar 2024 22:36:37 GMT">
  <testcase classname="Test.TestBase" name="@BeforeSuite startDriver" time="0.022">
    <failure type="java.lang.NoClassDefFoundError" message="org/slf4j/helpers/LegacyAbstractLogger">
      <![CDATA[java.lang.NoClassDefFoundError: org/slf4j/helpers/LegacyAbstractLogger
at java.base/java.lang.ClassLoader.defineClass1(Native Method)
at java.base/java.lang.ClassLoader.defineClass(ClassLoader.java:1027)
at java.base/java.security.SecureClassLoader.defineClass(SecureClassLoader.java:150)
at java.base/jdk.internal.loader.BuiltinClassLoader.defineClass(BuiltinClassLoader.java:862)
at java.base/jdk.internal.loader.BuiltinClassLoader.findClassOnClassPathOrNull(BuiltinClassLoader.java:760)
at java.base/jdk.internal.loader.BuiltinClassLoader.loadClassOrNull(BuiltinClassLoader.java:681)
at java.base/jdk.internal.loader.BuiltinClassLoader.loadClass(BuiltinClassLoader.java:639)
at java.base/jdk.internal.loader.ClassLoaders$AppClassLoader.loadClass(ClassLoaders.java:188)
at java.base/java.lang.ClassLoader.loadClass(ClassLoader.java:526)
at org.slf4j.simple.SimpleLoggerFactory.<init>(SimpleLoggerFactory.java:45)
at org.slf4j.simple.SimpleServiceProvider.initialize(SimpleServiceProvider.java:45)
at org.slf4j.LoggerFactory.bind(LoggerFactory.java:151)
at org.slf4j.LoggerFactory.performInitialization(LoggerFactory.java:139)
at org.slf4j.LoggerFactory.getProvider(LoggerFactory.java:417)
at org.slf4j.LoggerFactory.getILoggerFactory(LoggerFactory.java:403)
at org.slf4j.LoggerFactory.getLogger(LoggerFactory.java:352)
at org.slf4j.LoggerFactory.getLogger(LoggerFactory.java:378)
at io.github.bonigarcia.wdm.WebDriverManager.<clinit>(WebDriverManager.java:161)
at Test.TestBase.startDriver(TestBase.java:57)
Caused by: java.lang.ClassNotFoundException: org.slf4j.helpers.LegacyAbstractLogger
at java.base/jdk.internal.loader.BuiltinClassLoader.loadClass(BuiltinClassLoader.java:641)
at java.base/jdk.internal.loader.ClassLoaders$AppClassLoader.loadClass(ClassLoaders.java:188)
at java.base/java.lang.ClassLoader.loadClass(ClassLoader.java:526)
... 37 more
... Removed 18 stack frames]]>
    </failure>
  </testcase> <!-- @BeforeSuite startDriver -->
  <testcase classname="Test.TestBase" name="@AfterMethod screenshotOnFailure" time="0.0">
    <skipped/>
  </testcase> <!-- @AfterMethod screenshotOnFailure -->
  <testcase classname="Test.signUpTest" name="UserCanRegisterSuccssfully" time="0.0">
    <skipped/>
  </testcase> <!-- UserCanRegisterSuccssfully -->
  <testcase classname="Test.signUpTest" name="RegisteredUserCanLogout" time="0.0">
    <skipped/>
  </testcase> <!-- RegisteredUserCanLogout -->
</testsuite> <!-- Regression Test -->
