<?xml version="1.0" encoding="UTF-8"?>
<!-- Generated by org.testng.reporters.JUnitXMLReporter -->
<testsuite ignored="0" hostname="EGY-Mhamed" failures="1" tests="2" name="Smoke Test" time="0.202" errors="0" timestamp="2024-03-02T10:22:15 EET">
  <testcase classname="Test.signUpTest" name="UserCanRegisterSuccssfully" time="0.017">
    <failure type="java.lang.NullPointerException" message="Cannot invoke &amp;quot;org.openqa.selenium.WebDriver.findElement(org.openqa.selenium.By)&amp;quot; because &amp;quot;this.drvier&amp;quot; is null">
      <![CDATA[java.lang.NullPointerException: Cannot invoke "org.openqa.selenium.WebDriver.findElement(org.openqa.selenium.By)" because "this.drvier" is null
at Pages.signUpJava.<init>(signUpJava.java:41)
at Test.signUpTest.UserCanRegisterSuccssfully(signUpTest.java:36)
at java.base/java.util.ArrayList.forEach(ArrayList.java:1596)
... Removed 25 stack frames]]>
    </failure>
  </testcase> <!-- UserCanRegisterSuccssfully -->
  <testcase classname="Test.signUpTest" name="RegisteredUserCanLogout" time="0.0">
    <skipped/>
  </testcase> <!-- RegisteredUserCanLogout -->
</testsuite> <!-- Smoke Test -->
